"File: holtek_lcd.c  Assembler  Version HGASM0202      Page 1


   1  0000              ; Generated by holtek-gcc v3.17, Tue Mar 27 16:07:58 2018
   2  0000              ; 
   3  0000              ; Configuration:
   4  0000              ;       without long instruction
   5  0000              ;       Single ROM, Multi-RAM
   6  0000              ;       bits_per_rom_unit:16
   7  0000              ;       with mp1
   8  0000              ;       with tbhp, address(0x9)
   9  0000              ;          Use tabrd-const
  10  0000              ;       
  11  0000              ;       
  12  0000              ;       
  13  0000              ; use 'tabrdc' instead of 'tabrd'
  14  0000              ;       
  15  0000              
  16  0000              #pragma translator "holtek-gcc 4.6.4" "3.17" "build 20130711"
  17  0000              ; Rebuild 307
  18  0000              
  19  0000              ir equ [2]
  20  0000              mp equ [3]
  21  0000              sbp equ [1]
  22  0000              acc equ [5]
  23  0000              bp equ [4]
  24  0000              tblp equ [7]
  25  0000              tbhp equ [9]
  26  0000              status equ [10]
  27  0000              c equ [10].0
  28  0000              ac equ [10].1
  29  0000              z equ [10].2
  30  0000              ov equ [10].3
  31  0000              intc equ [11]
  32  0000              
  33  0000              extern ra:byte
  34  0000              extern rb:byte
  35  0000              extern rc:byte
  36  0000              extern rd:byte
  37  0000              extern re:byte
  38  0000              extern rf:byte
  39  0000              extern rg:byte
  40  0000              extern rh:byte
  41  0000              extern _Crom2Prom:near
  42  0000              extern _Crom2PromNext:near
  43  0000              
  44  0000              RAMBANK 0 @HCCINIT, @HCCINIT0
  45  0000              
  46  0000              RAMBANK 0 @BITDATASEC, @BITDATASEC1
  47  0000              @HCCINIT	.section 'data'
  48  0000              @HCCINIT0	.section 'data'
  49  0000              @BITDATASEC	 .section 'data'
  50  0000              @BITDATASEC1	 .section 'data'
  51  0000              
  52  0000              #pragma debug scope 1 1
  53  0000              	extern __DELAY3:near
  54  0000              	extern __DELAYX3:near
  55  0000              	extern __DELAYX6:near
  56  0000              	extern __DELAYY5:near
  57  0000              	extern __DELAYY3:near
  58  0000              	extern _builtin_holtek_delay_2:byte
  59  0000              ___pdc equ [36]
"File: holtek_lcd.ASM  Assembler  Version HGASM0202      Page 2

  60  0000              ___pe equ [38]
  61  0000              ___pd equ [35]
  62  0000              public _LCD_Write
  63  0000              #pragma debug scope 2 1

  45  0000              #line 45 "C:\Users\L0614\Desktop\Holtek\Holtek-HT66F70A-LCD\holtek_lcd\holtek_lcd\holtek_lcd.c"
  45  0000              _LCD_Write .section 'code'
  45  0000              _LCD_Write proc
  45  0000              public _LCD_Write_2
  45  0000  0002[           local _LCD_Write_2 db 2 dup(?)	; 1,1
            00
            ]
  45  0000  0080     R  	mov _LCD_Write_2[1],a
  45  0001              #pragma debug variable 8 2 _LCD_Write_2+1 "DCFlag"
  45  0001              #pragma debug variable 8 2 _LCD_Write_2+0 "CD"
  46  0001              #line 46 "C:\Users\L0614\Desktop\Holtek\Holtek-HT66F70A-LCD\holtek_lcd\holtek_lcd\holtek_lcd.c"
  46  0001  1F24        	clr [36]
  47  0002              #line 47 "C:\Users\L0614\Desktop\Holtek\Holtek-HT66F70A-LCD\holtek_lcd\holtek_lcd\holtek_lcd.c"
  47  0002  3526        	clr [38].2
  48  0003              #line 48 "C:\Users\L0614\Desktop\Holtek\Holtek-HT66F70A-LCD\holtek_lcd\holtek_lcd\holtek_lcd.c"
  48  0003  0700     R  	mov a,_LCD_Write_2[1]
  48  0004  0E01        	and a,1
  48  0005  0080     E  	mov ra,a
  48  0006  0700     E  	mov a,ra
  48  0007  0380     E  	addm a,ra
  48  0008  34A6        	clr [38].1
  48  0009  0700     E  	mov a,ra
  48  000A  05A6        	orm a,[38]
  49  000B              #line 49 "C:\Users\L0614\Desktop\Holtek\Holtek-HT66F70A-LCD\holtek_lcd\holtek_lcd\holtek_lcd.c"
  49  000B  0700     R  	mov a,_LCD_Write_2[0]
  49  000C  00A3        	mov [35],a
  50  000D              #line 50 "C:\Users\L0614\Desktop\Holtek\Holtek-HT66F70A-LCD\holtek_lcd\holtek_lcd\holtek_lcd.c"
  50  000D  3026        	set [38].0
  50  000E              ;# 50 "C:\Users\L0614\Desktop\Holtek\Holtek-HT66F70A-LCD\holtek_lcd\holtek_lcd\holtek_lcd.c" 1
  50  000E  0000        	nop
  50  000F  3426        	clr [38].0
  51  0010              #line 51 "C:\Users\L0614\Desktop\Holtek\Holtek-HT66F70A-LCD\holtek_lcd\holtek_lcd\holtek_lcd.c"
  51  0010  0700     R  	mov a,_LCD_Write_2[0]
  51  0011  0080     E  	mov ra,a
  51  0012  1100     E  	swapa ra
  51  0013  0EF0        	and a,0f0h 
  51  0014  0080     E  	mov ra,a
  51  0015  0700     E  	mov a,ra
  51  0016  00A3        	mov [35],a
  52  0017              #line 52 "C:\Users\L0614\Desktop\Holtek\Holtek-HT66F70A-LCD\holtek_lcd\holtek_lcd\holtek_lcd.c"
  52  0017  3026        	set [38].0
  52  0018              ;# 52 "C:\Users\L0614\Desktop\Holtek\Holtek-HT66F70A-LCD\holtek_lcd\holtek_lcd\holtek_lcd.c" 1
  52  0018  0000        	nop
  52  0019  3426        	clr [38].0
  52  001A  0003        	ret
  52  001B              _LCD_Write endp
  52  001B              #line 52 "C:\Users\L0614\Desktop\Holtek\Holtek-HT66F70A-LCD\holtek_lcd\holtek_lcd\holtek_lcd.c"
  52  001B              #pragma debug scope 1 1
  52  001B              ___pec equ [39]
  52  001B              public _LCD_Init
  52  001B              #pragma debug scope 3 1
  36  001B              #line 36 "C:\Users\L0614\Desktop\Holtek\Holtek-HT66F70A-LCD\holtek_lcd\holtek_lcd\holtek_lcd.c"
  36  0000              _LCD_Init .section 'code'
  36  0000              _LCD_Init proc
  36  0000  3426        	clr [38].0
"File: holtek_lcd.c  Assembler  Version HGASM0202      Page 3

  36  0001  3526        	clr [38].2
  36  0002  34A6        	clr [38].1
  37  0003              #line 37 "C:\Users\L0614\Desktop\Holtek\Holtek-HT66F70A-LCD\holtek_lcd\holtek_lcd\holtek_lcd.c"
  37  0003  3427        	clr [39].0
  37  0004  3527        	clr [39].2
  37  0005  34A7        	clr [39].1
  38  0006              #line 38 "C:\Users\L0614\Desktop\Holtek\Holtek-HT66F70A-LCD\holtek_lcd\holtek_lcd\holtek_lcd.c"
  38  0006              ;# 38 "C:\Users\L0614\Desktop\Holtek\Holtek-HT66F70A-LCD\holtek_lcd\holtek_lcd\holtek_lcd.c" 1
  38  0006              	IF 50000>263690
  38  0006              ;# 38 "C:\Users\L0614\Desktop\Holtek\Holtek-HT66F70A-LCD\holtek_lcd\holtek_lcd\holtek_lcd.c" 1
  38  0006              	ERRMESSAGE 'the value 50000of the argument exceeds the maxinum 263690'
  38  0006              	ENDIF
  38  0006              ;# 38 "C:\Users\L0614\Desktop\Holtek\Holtek-HT66F70A-LCD\holtek_lcd\holtek_lcd\holtek_lcd.c" 1
  38  0006              	IF 50000<0
  38  0006              ;# 38 "C:\Users\L0614\Desktop\Holtek\Holtek-HT66F70A-LCD\holtek_lcd\holtek_lcd\holtek_lcd.c" 1
  38  0006              	ERRMESSAGE 'the value 50000 of the argument exceeds the mininum 0'
  38  0006              	ENDIF
  38  0006              ;# 38 "C:\Users\L0614\Desktop\Holtek\Holtek-HT66F70A-LCD\holtek_lcd\holtek_lcd\holtek_lcd.c" 1
  38  0006              	IF 50000==0
  38  0006              ;# 38 "C:\Users\L0614\Desktop\Holtek\Holtek-HT66F70A-LCD\holtek_lcd\holtek_lcd\holtek_lcd.c" 1
  38  0006              	JMP $
  38  0006              	ENDIF
  38  0006              ;# 38 "C:\Users\L0614\Desktop\Holtek\Holtek-HT66F70A-LCD\holtek_lcd\holtek_lcd\holtek_lcd.c" 1
  38  0006              	IF 50000==1
  38  0006              ;# 38 "C:\Users\L0614\Desktop\Holtek\Holtek-HT66F70A-LCD\holtek_lcd\holtek_lcd\holtek_lcd.c" 1
  38  0006              	NOP
  38  0006              	ENDIF
  38  0006              ;# 38 "C:\Users\L0614\Desktop\Holtek\Holtek-HT66F70A-LCD\holtek_lcd\holtek_lcd\holtek_lcd.c" 1
  38  0006              	IF 50000==2
  38  0006              ;# 38 "C:\Users\L0614\Desktop\Holtek\Holtek-HT66F70A-LCD\holtek_lcd\holtek_lcd\holtek_lcd.c" 1
  38  0006              	NOP
  38  0006              ;# 38 "C:\Users\L0614\Desktop\Holtek\Holtek-HT66F70A-LCD\holtek_lcd\holtek_lcd\holtek_lcd.c" 1
  38  0006              	NOP
  38  0006              	ENDIF
  38  0006              ;# 38 "C:\Users\L0614\Desktop\Holtek\Holtek-HT66F70A-LCD\holtek_lcd\holtek_lcd\holtek_lcd.c" 1
  38  0006              	IF 50000==3
  38  0006              ;# 38 "C:\Users\L0614\Desktop\Holtek\Holtek-HT66F70A-LCD\holtek_lcd\holtek_lcd\holtek_lcd.c" 1
  38  0006              	NOP
  38  0006              ;# 38 "C:\Users\L0614\Desktop\Holtek\Holtek-HT66F70A-LCD\holtek_lcd\holtek_lcd\holtek_lcd.c" 1
  38  0006              	NOP
  38  0006              ;# 38 "C:\Users\L0614\Desktop\Holtek\Holtek-HT66F70A-LCD\holtek_lcd\holtek_lcd\holtek_lcd.c" 1
  38  0006              	NOP
  38  0006              	ENDIF
  38  0006              ;# 38 "C:\Users\L0614\Desktop\Holtek\Holtek-HT66F70A-LCD\holtek_lcd\holtek_lcd\holtek_lcd.c" 1
  38  0006              	IF (50000<8) AND (50000>3)
  38  0006              ;# 38 "C:\Users\L0614\Desktop\Holtek\Holtek-HT66F70A-LCD\holtek_lcd\holtek_lcd\holtek_lcd.c" 1
  38  0006              	CALL __DELAY3 + 7 -50000
  38  0006              	ENDIF
  38  0006              ;# 38 "C:\Users\L0614\Desktop\Holtek\Holtek-HT66F70A-LCD\holtek_lcd\holtek_lcd\holtek_lcd.c" 1
  38  0006              	IF (50000< 0404h) AND (50000>7)
  38  0006              ;# 38 "C:\Users\L0614\Desktop\Holtek\Holtek-HT66F70A-LCD\holtek_lcd\holtek_lcd\holtek_lcd.c" 1
  38  0006              	MOV A,50000/4-1
  38  0006              ;# 38 "C:\Users\L0614\Desktop\Holtek\Holtek-HT66F70A-LCD\holtek_lcd\holtek_lcd\holtek_lcd.c" 1
  38  0006              	CALL __DELAYX3 + 3 -(50000 MOD 4)
  38  0006              	ENDIF
  38  0006              ;# 38 "C:\Users\L0614\Desktop\Holtek\Holtek-HT66F70A-LCD\holtek_lcd\holtek_lcd\holtek_lcd.c" 1
  38  0006              	IF (50000< 0x40B) AND (50000> 0403h)
  38  0006              ;# 38 "C:\Users\L0614\Desktop\Holtek\Holtek-HT66F70A-LCD\holtek_lcd\holtek_lcd\holtek_lcd.c" 1
  38  0006              	MOV A,0 
  38  0006              ;# 38 "C:\Users\L0614\Desktop\Holtek\Holtek-HT66F70A-LCD\holtek_lcd\holtek_lcd\holtek_lcd.c" 1
"File: holtek_lcd.c  Assembler  Version HGASM0202      Page 4

  38  0006              	CALL __DELAYX6 + 0x40a -50000
  38  0006              	ENDIF
  38  0006              ;# 38 "C:\Users\L0614\Desktop\Holtek\Holtek-HT66F70A-LCD\holtek_lcd\holtek_lcd\holtek_lcd.c" 1
  38  0006              	IF (50000 >= 0x40b) AND ((((50000-9)%0402h)/4+1)>256)
  38  0006              ;# 38 "C:\Users\L0614\Desktop\Holtek\Holtek-HT66F70A-LCD\holtek_lcd\holtek_lcd\holtek_lcd.c" 1
  38  0006              	MOV A,(50000-9)/0402h
  38  0006              ;# 38 "C:\Users\L0614\Desktop\Holtek\Holtek-HT66F70A-LCD\holtek_lcd\holtek_lcd\holtek_lcd.c" 1
  38  0006              	MOV _builtin_holtek_delay_2,A
  38  0006              ;# 38 "C:\Users\L0614\Desktop\Holtek\Holtek-HT66F70A-LCD\holtek_lcd\holtek_lcd\holtek_lcd.c" 1
  38  0006              	MOV A,0
  38  0006              ;# 38 "C:\Users\L0614\Desktop\Holtek\Holtek-HT66F70A-LCD\holtek_lcd\holtek_lcd\holtek_lcd.c" 1
  38  0006              	CALL __DELAYY5 +5- (((50000-9)%0402h)%6)
  38  0006              	ENDIF
  38  0006              ;# 38 "C:\Users\L0614\Desktop\Holtek\Holtek-HT66F70A-LCD\holtek_lcd\holtek_lcd\holtek_lcd.c" 1
  38  0006              	IF (50000 >= 0x40b) AND ((((50000-9)%0402h)/4+1)<=256)
  38  0006              ;# 38 "C:\Users\L0614\Desktop\Holtek\Holtek-HT66F70A-LCD\holtek_lcd\holtek_lcd\holtek_lcd.c" 1
  38  0006  0F30        	MOV A,(50000-9)/0402h
  38  0007              ;# 38 "C:\Users\L0614\Desktop\Holtek\Holtek-HT66F70A-LCD\holtek_lcd\holtek_lcd\holtek_lcd.c" 1
  38  0007  0080     E  	MOV _builtin_holtek_delay_2,A
  38  0008              ;# 38 "C:\Users\L0614\Desktop\Holtek\Holtek-HT66F70A-LCD\holtek_lcd\holtek_lcd\holtek_lcd.c" 1
  38  0008  0FBA        	MOV A,((50000-9)%0402h)/4+1
  38  0009              ;# 38 "C:\Users\L0614\Desktop\Holtek\Holtek-HT66F70A-LCD\holtek_lcd\holtek_lcd\holtek_lcd.c" 1
  38  0009  2000     E  	CALL __DELAYY3 +3-(((50000-9)%0402h)%4)
  38  000A              	ENDIF
  39  000A              #line 39 "C:\Users\L0614\Desktop\Holtek\Holtek-HT66F70A-LCD\holtek_lcd\holtek_lcd\holtek_lcd.c"
  39  000A  0F28        	mov a,40
  39  000B  0080     R  	mov _LCD_Write_2[0],a
  39  000C  0F00        	mov a,0
  39  000D  2000     R  	call _LCD_Write
  40  000E              #line 40 "C:\Users\L0614\Desktop\Holtek\Holtek-HT66F70A-LCD\holtek_lcd\holtek_lcd\holtek_lcd.c"
  40  000E  0F08        	mov a,8
  40  000F  0080     R  	mov _LCD_Write_2[0],a
  40  0010  0F00        	mov a,0
  40  0011  2000     R  	call _LCD_Write
  41  0012              #line 41 "C:\Users\L0614\Desktop\Holtek\Holtek-HT66F70A-LCD\holtek_lcd\holtek_lcd\holtek_lcd.c"
  41  0012  0F06        	mov a,6
  41  0013  0080     R  	mov _LCD_Write_2[0],a
  41  0014  0F00        	mov a,0
  41  0015  2000     R  	call _LCD_Write
  42  0016              #line 42 "C:\Users\L0614\Desktop\Holtek\Holtek-HT66F70A-LCD\holtek_lcd\holtek_lcd\holtek_lcd.c"
  42  0016  0F01        	mov a,1
  42  0017  0080     R  	mov _LCD_Write_2[0],a
  42  0018  0F00        	mov a,0
  42  0019  2000     R  	call _LCD_Write
  42  001A  0003        	ret
  42  001B              _LCD_Init endp
  42  001B              #line 42 "C:\Users\L0614\Desktop\Holtek\Holtek-HT66F70A-LCD\holtek_lcd\holtek_lcd\holtek_lcd.c"
  42  001B              #pragma debug scope 1 1
  42  001B              #pragma debug scope 4 1
  60  001B              #line 60 "C:\Users\L0614\Desktop\Holtek\Holtek-HT66F70A-LCD\holtek_lcd\holtek_lcd\holtek_lcd.c"
  60  0000              _Str_To_Lcd .section 'code'
  60  0000              _Str_To_Lcd proc
  60  0000  0008[           local _Str_To_Lcd_2 db 8 dup(?)	; 4,4
            00
            ]
  60  0008              #pragma debug pointer 42 7 4
  60  0008              #pragma debug pointer 42 7 4
  60  0008              #pragma debug variable 42 4 _Str_To_Lcd_2+0 "pData"
  60  0008              #pragma debug variable 12 4 _Str_To_Lcd_2+2 "count"
  60  0000  0700     R  	mov a,_Str_To_Lcd_2[0]
"File: holtek_lcd.c  Assembler  Version HGASM0202      Page 5

  60  0001  0080     R  	mov _Str_To_Lcd_2[4],a
  60  0002  0700     R  	mov a,_Str_To_Lcd_2[1]
  60  0003  0080     R  	mov _Str_To_Lcd_2[5],a
  60  0004  0700     R  	mov a,_Str_To_Lcd_2[2]
  60  0005  0300     R  	add a,_Str_To_Lcd_2[4]
  60  0006  0080     R  	mov _Str_To_Lcd_2[6],a
  60  0007  0700     R  	mov a,_Str_To_Lcd_2[3]
  60  0008  1300     R  	adc a,_Str_To_Lcd_2[5]
  60  0009  0080     R  	mov _Str_To_Lcd_2[7],a
  61  000A              #line 61 "C:\Users\L0614\Desktop\Holtek\Holtek-HT66F70A-LCD\holtek_lcd\holtek_lcd\holtek_lcd.c"
  61  000A  2800     R  	jmp _L4
  61  000B              _L5:
  63  000B              #line 63 "C:\Users\L0614\Desktop\Holtek\Holtek-HT66F70A-LCD\holtek_lcd\holtek_lcd\holtek_lcd.c"
  63  000B  0700     R  	mov a,_Str_To_Lcd_2[4]
  63  000C  0083        	mov mp,a
  63  000D  0700     R  	mov a,_Str_To_Lcd_2[5]
  63  000E  0081        	mov sbp,a
  63  000F  2000     E  	call _Crom2Prom
  63  0010  0080     R  	mov _LCD_Write_2[0],a
  63  0011  0F01        	mov a,1
  63  0012  2000     R  	call _LCD_Write
  63  0013  1480     R  	inc _Str_To_Lcd_2[4]
  63  0014  3D0A        	sz z
  63  0015  1480     R  	inc _Str_To_Lcd_2[5]
  63  0016              _L4:
  61  0016              #line 61 "C:\Users\L0614\Desktop\Holtek\Holtek-HT66F70A-LCD\holtek_lcd\holtek_lcd\holtek_lcd.c"
  61  0016  0700     R  	mov a,_Str_To_Lcd_2[4]
  61  0017  0400     R  	xor a,_Str_To_Lcd_2[6]
  61  0018  0700     R  	mov a,_Str_To_Lcd_2[5]
  61  0019  3D0A        	sz z
  61  001A  0400     R  	xor a,_Str_To_Lcd_2[7]
  61  001B  390A        	snz z
  61  001C  2800     R  	jmp _L5
  61  001D  0003        	ret
  61  001E              _Str_To_Lcd endp
  61  001E              #line 61 "C:\Users\L0614\Desktop\Holtek\Holtek-HT66F70A-LCD\holtek_lcd\holtek_lcd\holtek_lcd.c"
  61  001E              #pragma debug scope 1 1
  61  001E              public _PAUSE
  61  001E              #pragma debug scope 5 1
  55  001E              #line 55 "C:\Users\L0614\Desktop\Holtek\Holtek-HT66F70A-LCD\holtek_lcd\holtek_lcd\holtek_lcd.c"
  55  0000              _PAUSE .section 'code'
  55  0000              _PAUSE proc
  55  0000              public _PAUSE_2
  55  0000  0002[           local _PAUSE_2 db 2 dup(?)	; 2,0
            00
            ]
  55  0002              #pragma debug variable 10 5 _PAUSE_2+0 "i"
  56  0002              #line 56 "C:\Users\L0614\Desktop\Holtek\Holtek-HT66F70A-LCD\holtek_lcd\holtek_lcd\holtek_lcd.c"
  56  0000  1F00     E  	clr rb
  56  0001  1F00     E  	clr rc
  56  0002  2800     R  	jmp _L8
  56  0003              _L9:
  56  0003              #line 56 "C:\Users\L0614\Desktop\Holtek\Holtek-HT66F70A-LCD\holtek_lcd\holtek_lcd\holtek_lcd.c"
  56  0003              ;# 56 "C:\Users\L0614\Desktop\Holtek\Holtek-HT66F70A-LCD\holtek_lcd\holtek_lcd\holtek_lcd.c" 1
  56  0003              	IF 10000>263690
  56  0003              ;# 56 "C:\Users\L0614\Desktop\Holtek\Holtek-HT66F70A-LCD\holtek_lcd\holtek_lcd\holtek_lcd.c" 1
  56  0003              	ERRMESSAGE 'the value 10000of the argument exceeds the maxinum 263690'
  56  0003              	ENDIF
  56  0003              ;# 56 "C:\Users\L0614\Desktop\Holtek\Holtek-HT66F70A-LCD\holtek_lcd\holtek_lcd\holtek_lcd.c" 1
  56  0003              	IF 10000<0
"File: holtek_lcd.c  Assembler  Version HGASM0202      Page 6

  56  0003              ;# 56 "C:\Users\L0614\Desktop\Holtek\Holtek-HT66F70A-LCD\holtek_lcd\holtek_lcd\holtek_lcd.c" 1
  56  0003              	ERRMESSAGE 'the value 10000 of the argument exceeds the mininum 0'
  56  0003              	ENDIF
  56  0003              ;# 56 "C:\Users\L0614\Desktop\Holtek\Holtek-HT66F70A-LCD\holtek_lcd\holtek_lcd\holtek_lcd.c" 1
  56  0003              	IF 10000==0
  56  0003              ;# 56 "C:\Users\L0614\Desktop\Holtek\Holtek-HT66F70A-LCD\holtek_lcd\holtek_lcd\holtek_lcd.c" 1
  56  0003              	JMP $
  56  0003              	ENDIF
  56  0003              ;# 56 "C:\Users\L0614\Desktop\Holtek\Holtek-HT66F70A-LCD\holtek_lcd\holtek_lcd\holtek_lcd.c" 1
  56  0003              	IF 10000==1
  56  0003              ;# 56 "C:\Users\L0614\Desktop\Holtek\Holtek-HT66F70A-LCD\holtek_lcd\holtek_lcd\holtek_lcd.c" 1
  56  0003              	NOP
  56  0003              	ENDIF
  56  0003              ;# 56 "C:\Users\L0614\Desktop\Holtek\Holtek-HT66F70A-LCD\holtek_lcd\holtek_lcd\holtek_lcd.c" 1
  56  0003              	IF 10000==2
  56  0003              ;# 56 "C:\Users\L0614\Desktop\Holtek\Holtek-HT66F70A-LCD\holtek_lcd\holtek_lcd\holtek_lcd.c" 1
  56  0003              	NOP
  56  0003              ;# 56 "C:\Users\L0614\Desktop\Holtek\Holtek-HT66F70A-LCD\holtek_lcd\holtek_lcd\holtek_lcd.c" 1
  56  0003              	NOP
  56  0003              	ENDIF
  56  0003              ;# 56 "C:\Users\L0614\Desktop\Holtek\Holtek-HT66F70A-LCD\holtek_lcd\holtek_lcd\holtek_lcd.c" 1
  56  0003              	IF 10000==3
  56  0003              ;# 56 "C:\Users\L0614\Desktop\Holtek\Holtek-HT66F70A-LCD\holtek_lcd\holtek_lcd\holtek_lcd.c" 1
  56  0003              	NOP
  56  0003              ;# 56 "C:\Users\L0614\Desktop\Holtek\Holtek-HT66F70A-LCD\holtek_lcd\holtek_lcd\holtek_lcd.c" 1
  56  0003              	NOP
  56  0003              ;# 56 "C:\Users\L0614\Desktop\Holtek\Holtek-HT66F70A-LCD\holtek_lcd\holtek_lcd\holtek_lcd.c" 1
  56  0003              	NOP
  56  0003              	ENDIF
  56  0003              ;# 56 "C:\Users\L0614\Desktop\Holtek\Holtek-HT66F70A-LCD\holtek_lcd\holtek_lcd\holtek_lcd.c" 1
  56  0003              	IF (10000<8) AND (10000>3)
  56  0003              ;# 56 "C:\Users\L0614\Desktop\Holtek\Holtek-HT66F70A-LCD\holtek_lcd\holtek_lcd\holtek_lcd.c" 1
  56  0003              	CALL __DELAY3 + 7 -10000
  56  0003              	ENDIF
  56  0003              ;# 56 "C:\Users\L0614\Desktop\Holtek\Holtek-HT66F70A-LCD\holtek_lcd\holtek_lcd\holtek_lcd.c" 1
  56  0003              	IF (10000< 0404h) AND (10000>7)
  56  0003              ;# 56 "C:\Users\L0614\Desktop\Holtek\Holtek-HT66F70A-LCD\holtek_lcd\holtek_lcd\holtek_lcd.c" 1
  56  0003              	MOV A,10000/4-1
  56  0003              ;# 56 "C:\Users\L0614\Desktop\Holtek\Holtek-HT66F70A-LCD\holtek_lcd\holtek_lcd\holtek_lcd.c" 1
  56  0003              	CALL __DELAYX3 + 3 -(10000 MOD 4)
  56  0003              	ENDIF
  56  0003              ;# 56 "C:\Users\L0614\Desktop\Holtek\Holtek-HT66F70A-LCD\holtek_lcd\holtek_lcd\holtek_lcd.c" 1
  56  0003              	IF (10000< 0x40B) AND (10000> 0403h)
  56  0003              ;# 56 "C:\Users\L0614\Desktop\Holtek\Holtek-HT66F70A-LCD\holtek_lcd\holtek_lcd\holtek_lcd.c" 1
  56  0003              	MOV A,0 
  56  0003              ;# 56 "C:\Users\L0614\Desktop\Holtek\Holtek-HT66F70A-LCD\holtek_lcd\holtek_lcd\holtek_lcd.c" 1
  56  0003              	CALL __DELAYX6 + 0x40a -10000
  56  0003              	ENDIF
  56  0003              ;# 56 "C:\Users\L0614\Desktop\Holtek\Holtek-HT66F70A-LCD\holtek_lcd\holtek_lcd\holtek_lcd.c" 1
  56  0003              	IF (10000 >= 0x40b) AND ((((10000-9)%0402h)/4+1)>256)
  56  0003              ;# 56 "C:\Users\L0614\Desktop\Holtek\Holtek-HT66F70A-LCD\holtek_lcd\holtek_lcd\holtek_lcd.c" 1
  56  0003              	MOV A,(10000-9)/0402h
  56  0003              ;# 56 "C:\Users\L0614\Desktop\Holtek\Holtek-HT66F70A-LCD\holtek_lcd\holtek_lcd\holtek_lcd.c" 1
  56  0003              	MOV _builtin_holtek_delay_2,A
  56  0003              ;# 56 "C:\Users\L0614\Desktop\Holtek\Holtek-HT66F70A-LCD\holtek_lcd\holtek_lcd\holtek_lcd.c" 1
  56  0003              	MOV A,0
  56  0003              ;# 56 "C:\Users\L0614\Desktop\Holtek\Holtek-HT66F70A-LCD\holtek_lcd\holtek_lcd\holtek_lcd.c" 1
  56  0003              	CALL __DELAYY5 +5- (((10000-9)%0402h)%6)
  56  0003              	ENDIF
  56  0003              ;# 56 "C:\Users\L0614\Desktop\Holtek\Holtek-HT66F70A-LCD\holtek_lcd\holtek_lcd\holtek_lcd.c" 1
"File: holtek_lcd.c  Assembler  Version HGASM0202      Page 7

  56  0003              	IF (10000 >= 0x40b) AND ((((10000-9)%0402h)/4+1)<=256)
  56  0003              ;# 56 "C:\Users\L0614\Desktop\Holtek\Holtek-HT66F70A-LCD\holtek_lcd\holtek_lcd\holtek_lcd.c" 1
  56  0003  0F09        	MOV A,(10000-9)/0402h
  56  0004              ;# 56 "C:\Users\L0614\Desktop\Holtek\Holtek-HT66F70A-LCD\holtek_lcd\holtek_lcd\holtek_lcd.c" 1
  56  0004  0080     E  	MOV _builtin_holtek_delay_2,A
  56  0005              ;# 56 "C:\Users\L0614\Desktop\Holtek\Holtek-HT66F70A-LCD\holtek_lcd\holtek_lcd\holtek_lcd.c" 1
  56  0005  0FBE        	MOV A,((10000-9)%0402h)/4+1
  56  0006              ;# 56 "C:\Users\L0614\Desktop\Holtek\Holtek-HT66F70A-LCD\holtek_lcd\holtek_lcd\holtek_lcd.c" 1
  56  0006  2000     E  	CALL __DELAYY3 +3-(((10000-9)%0402h)%4)
  56  0007              	ENDIF
  56  0007  1480     E  	inc rb
  56  0008  3D0A        	sz z
  56  0009  1480     E  	inc rc
  56  000A              _L8:
  56  000A  0700     E  	mov a,rb
  56  000B  0400     R  	xor a,_PAUSE_2[0]
  56  000C  0700     E  	mov a,rc
  56  000D  3D0A        	sz z
  56  000E  0400     R  	xor a,_PAUSE_2[1]
  56  000F  390A        	snz z
  56  0010  2800     R  	jmp _L9
  56  0011  0003        	ret
  56  0012              _PAUSE endp
  56  0012              #line 56 "C:\Users\L0614\Desktop\Holtek\Holtek-HT66F70A-LCD\holtek_lcd\holtek_lcd\holtek_lcd.c"
  56  0012              #pragma debug scope 1 1
  56  0012              public _Lcd_Write_String
  56  0012              #pragma debug scope 6 1
  67  0012              #line 67 "C:\Users\L0614\Desktop\Holtek\Holtek-HT66F70A-LCD\holtek_lcd\holtek_lcd\holtek_lcd.c"
  67  0000              _Lcd_Write_String .section 'code'
  67  0000              _Lcd_Write_String proc
  67  0000              public _Lcd_Write_String_2
  67  0000  0006[           local _Lcd_Write_String_2 db 6 dup(?)	; 6,0
            00
            ]
  67  0006              #pragma debug variable 12 6 _Lcd_Write_String_2+0 "line"
  67  0006              #pragma debug variable 12 6 _Lcd_Write_String_2+2 "col"
  67  0006              #pragma debug pointer 43 7 6
  67  0006              #pragma debug pointer 43 7 6
  67  0006              #pragma debug variable 43 6 _Lcd_Write_String_2+4 "pText"
  68  0006              #line 68 "C:\Users\L0614\Desktop\Holtek\Holtek-HT66F70A-LCD\holtek_lcd\holtek_lcd\holtek_lcd.c"
  68  0000  0700     R  	mov a,_Lcd_Write_String_2[0]
  68  0001  0C01        	xor a,1
  68  0002  0500     R  	or a,_Lcd_Write_String_2[1]
  68  0003  390A        	snz z
  68  0004  2800     R  	jmp _L11
  68  0005              #line 68 "C:\Users\L0614\Desktop\Holtek\Holtek-HT66F70A-LCD\holtek_lcd\holtek_lcd\holtek_lcd.c"
  68  0005  0700     R  	mov a,_Lcd_Write_String_2[2]
  68  0006  0B80        	add a,128
  68  0007  0080     R  	mov _LCD_Write_2[0],a
  68  0008  2800     R  	jmp _L13
  68  0009              _L11:
  69  0009              #line 69 "C:\Users\L0614\Desktop\Holtek\Holtek-HT66F70A-LCD\holtek_lcd\holtek_lcd\holtek_lcd.c"
  69  0009  0700     R  	mov a,_Lcd_Write_String_2[0]
  69  000A  0C02        	xor a,2
  69  000B  0500     R  	or a,_Lcd_Write_String_2[1]
  69  000C  390A        	snz z
  69  000D  2800     R  	jmp _L12
  69  000E  0700     R  	mov a,_Lcd_Write_String_2[2]
  69  000F  0BC0        	add a,192
  69  0010  0080     R  	mov _LCD_Write_2[0],a
"File: holtek_lcd.c  Assembler  Version HGASM0202      Page 8

  69  0011              _L13:
  69  0011  0F00        	mov a,0
  69  0012  2000     R  	call _LCD_Write
  69  0013              _L12:
  70  0013              #line 70 "C:\Users\L0614\Desktop\Holtek\Holtek-HT66F70A-LCD\holtek_lcd\holtek_lcd\holtek_lcd.c"
  70  0013  0700     R  	mov a,_Lcd_Write_String_2[4]
  70  0014  0080     E  	mov _strlen_2[0],a
  70  0015  0700     R  	mov a,_Lcd_Write_String_2[5]
  70  0016  0080     E  	mov _strlen_2[1],a
  70  0017  2000     E  	call _strlen
  70  0018  0700     E  	mov a,ra
  70  0019  0080     R  	mov _Str_To_Lcd_2[2],a
  70  001A  0700     E  	mov a,rb
  70  001B  0080     R  	mov _Str_To_Lcd_2[3],a
  70  001C  0700     R  	mov a,_Lcd_Write_String_2[4]
  70  001D  0080     R  	mov _Str_To_Lcd_2[0],a
  70  001E  0700     R  	mov a,_Lcd_Write_String_2[5]
  70  001F  0080     R  	mov _Str_To_Lcd_2[1],a
  70  0020  2000     R  	call _Str_To_Lcd
  70  0021  0003        	ret
  70  0022              _Lcd_Write_String endp
  70  0022              #line 70 "C:\Users\L0614\Desktop\Holtek\Holtek-HT66F70A-LCD\holtek_lcd\holtek_lcd\holtek_lcd.c"
  70  0022              #pragma debug scope 1 1
  70  0022              public _Lcd_Clear
  70  0022              #pragma debug scope 7 1
  73  0022              #line 73 "C:\Users\L0614\Desktop\Holtek\Holtek-HT66F70A-LCD\holtek_lcd\holtek_lcd\holtek_lcd.c"
  73  0000              _Lcd_Clear .section 'code'
  73  0000              _Lcd_Clear proc
  74  0000              #line 74 "C:\Users\L0614\Desktop\Holtek\Holtek-HT66F70A-LCD\holtek_lcd\holtek_lcd\holtek_lcd.c"
  74  0000  0F01        	mov a,1
  74  0001  0080     R  	mov _LCD_Write_2[0],a
  74  0002  0F00        	mov a,0
  74  0003  2000     R  	call _LCD_Write
  74  0004  0003        	ret
  74  0005              _Lcd_Clear endp
  74  0005              #line 74 "C:\Users\L0614\Desktop\Holtek\Holtek-HT66F70A-LCD\holtek_lcd\holtek_lcd\holtek_lcd.c"
  74  0005              #pragma debug scope 1 1
  74  0005              public _Lcd_Write_Char
  74  0005              #pragma debug scope 8 1
  77  0005              #line 77 "C:\Users\L0614\Desktop\Holtek\Holtek-HT66F70A-LCD\holtek_lcd\holtek_lcd\holtek_lcd.c"
  77  0000              _Lcd_Write_Char .section 'code'
  77  0000              _Lcd_Write_Char proc
  77  0000              public _Lcd_Write_Char_2
  77  0000  0005[           local _Lcd_Write_Char_2 db 5 dup(?)	; 5,0
            00
            ]
  77  0005              #pragma debug variable 12 8 _Lcd_Write_Char_2+0 "line"
  77  0005              #pragma debug variable 12 8 _Lcd_Write_Char_2+2 "col"
  77  0005              #pragma debug variable 7 8 _Lcd_Write_Char_2+4 "Text"
  78  0005              #line 78 "C:\Users\L0614\Desktop\Holtek\Holtek-HT66F70A-LCD\holtek_lcd\holtek_lcd\holtek_lcd.c"
  78  0000  0700     R  	mov a,_Lcd_Write_Char_2[0]
  78  0001  0C01        	xor a,1
  78  0002  0500     R  	or a,_Lcd_Write_Char_2[1]
  78  0003  390A        	snz z
  78  0004  2800     R  	jmp _L16
  78  0005              #line 78 "C:\Users\L0614\Desktop\Holtek\Holtek-HT66F70A-LCD\holtek_lcd\holtek_lcd\holtek_lcd.c"
  78  0005  0700     R  	mov a,_Lcd_Write_Char_2[2]
  78  0006  0B80        	add a,128
  78  0007  0080     R  	mov _LCD_Write_2[0],a
  78  0008  2800     R  	jmp _L18
"File: holtek_lcd.c  Assembler  Version HGASM0202      Page 9

  78  0009              _L16:
  79  0009              #line 79 "C:\Users\L0614\Desktop\Holtek\Holtek-HT66F70A-LCD\holtek_lcd\holtek_lcd\holtek_lcd.c"
  79  0009  0700     R  	mov a,_Lcd_Write_Char_2[0]
  79  000A  0C02        	xor a,2
  79  000B  0500     R  	or a,_Lcd_Write_Char_2[1]
  79  000C  390A        	snz z
  79  000D  2800     R  	jmp _L17
  79  000E  0700     R  	mov a,_Lcd_Write_Char_2[2]
  79  000F  0BC0        	add a,192
  79  0010  0080     R  	mov _LCD_Write_2[0],a
  79  0011              _L18:
  79  0011  0F00        	mov a,0
  79  0012  2000     R  	call _LCD_Write
  79  0013              _L17:
  80  0013              #line 80 "C:\Users\L0614\Desktop\Holtek\Holtek-HT66F70A-LCD\holtek_lcd\holtek_lcd\holtek_lcd.c"
  80  0013  0700     R  	mov a,_Lcd_Write_Char_2[4]
  80  0014  0080     R  	mov _LCD_Write_2[0],a
  80  0015  0F01        	mov a,1
  80  0016  2000     R  	call _LCD_Write
  80  0017  0003        	ret
  80  0018              _Lcd_Write_Char endp
  80  0018              #line 80 "C:\Users\L0614\Desktop\Holtek\Holtek-HT66F70A-LCD\holtek_lcd\holtek_lcd\holtek_lcd.c"
  80  0018              #pragma debug scope 1 1
  80  0000              @crom	.section 'crom'
  80  0000              _LC0:
  80  0000              	db 053h,00h
  80  0001              public _main
  80  0001              #pragma debug scope 9 1
  19  0001              #line 19 "C:\Users\L0614\Desktop\Holtek\Holtek-HT66F70A-LCD\holtek_lcd\holtek_lcd\holtek_lcd.c"
  19  0001              IFDEF WITH_DEFAULT_STARTUP
  19  0001              extern _main_initial0:near
  19  0001              extern _main_startup:near
  19  0001              ENDIF
  19  0001              
  19  0001              ROMBANK 0 @start
  19  0000              @start .section com_l 'code'
  19  0000              _main_startup1:
  19  0000              @start .section com_e 'code'
  19  0000  2800     R  	jmp _main
  19  0001              
  19  0000              _main .section 'code'
  19  0000              _main proc
  19  0000  0002[           local _main_2 db 2 dup(?)
            00
            ]
  20  0002              #line 20 "C:\Users\L0614\Desktop\Holtek\Holtek-HT66F70A-LCD\holtek_lcd\holtek_lcd\holtek_lcd.c"
  20  0000  2000     R  	call _LCD_Init
  20  0001              _L24:
  20  0001              #pragma debug scope 10 9
  20  0001              ;begin block, line: 20.-1
  23  0001              #line 23 "C:\Users\L0614\Desktop\Holtek\Holtek-HT66F70A-LCD\holtek_lcd\holtek_lcd\holtek_lcd.c"
  23  0001  2000     R  	call _Lcd_Clear
  24  0002              #line 24 "C:\Users\L0614\Desktop\Holtek\Holtek-HT66F70A-LCD\holtek_lcd\holtek_lcd\holtek_lcd.c"
  24  0002  0F64        	mov a,100
  24  0003  0080     R  	mov _PAUSE_2[0],a
  24  0004  1F00     R  	clr _PAUSE_2[1]
  24  0005  2000     R  	call _PAUSE
  26  0006              #line 26 "C:\Users\L0614\Desktop\Holtek\Holtek-HT66F70A-LCD\holtek_lcd\holtek_lcd\holtek_lcd.c"
  26  0006  1F00     R  	clr _main_2[0]
  26  0007  1F00     R  	clr _main_2[1]
"File: holtek_lcd.c  Assembler  Version HGASM0202      Page 10

  26  0008              _L21:
  27  0008              #line 27 "C:\Users\L0614\Desktop\Holtek\Holtek-HT66F70A-LCD\holtek_lcd\holtek_lcd\holtek_lcd.c"
  27  0008  0F00     R  	mov a,low offset _LC0
  27  0009  0080     R  	mov _Lcd_Write_String_2[4],a
  27  000A  0F00     R  	mov a,high offset _LC0
  27  000B  0080     R  	mov _Lcd_Write_String_2[5],a
  27  000C  0700     R  	mov a,_main_2[0]
  27  000D  0080     R  	mov _Lcd_Write_String_2[2],a
  27  000E  0700     R  	mov a,_main_2[1]
  27  000F  0080     R  	mov _Lcd_Write_String_2[3],a
  27  0010  0F01        	mov a,1
  27  0011  0080     R  	mov _Lcd_Write_String_2[0],a
  27  0012  1F00     R  	clr _Lcd_Write_String_2[1]
  27  0013  2000     R  	call _Lcd_Write_String
  27  0014  0F0A        	mov a,10
  27  0015  0080     R  	mov _PAUSE_2[0],a
  27  0016  1F00     R  	clr _PAUSE_2[1]
  27  0017  2000     R  	call _PAUSE
  26  0018              #line 26 "C:\Users\L0614\Desktop\Holtek\Holtek-HT66F70A-LCD\holtek_lcd\holtek_lcd\holtek_lcd.c"
  26  0018  1480     R  	inc _main_2[0]
  26  0019  3D0A        	sz z
  26  001A  1480     R  	inc _main_2[1]
  26  001B  0700     R  	mov a,_main_2[0]
  26  001C  0C10        	xor a,16
  26  001D  0500     R  	or a,_main_2[1]
  26  001E  390A        	snz z
  26  001F  2800     R  	jmp _L21
  26  0020  1F00     R  	clr _main_2[0]
  26  0021  1F00     R  	clr _main_2[1]
  26  0022              _L23:
  30  0022              #line 30 "C:\Users\L0614\Desktop\Holtek\Holtek-HT66F70A-LCD\holtek_lcd\holtek_lcd\holtek_lcd.c"
  30  0022  0F4B        	mov a,75
  30  0023  0080     R  	mov _Lcd_Write_Char_2[4],a
  30  0024  0700     R  	mov a,_main_2[0]
  30  0025  0080     R  	mov _Lcd_Write_Char_2[2],a
  30  0026  0700     R  	mov a,_main_2[1]
  30  0027  0080     R  	mov _Lcd_Write_Char_2[3],a
  30  0028  0F02        	mov a,2
  30  0029  0080     R  	mov _Lcd_Write_Char_2[0],a
  30  002A  1F00     R  	clr _Lcd_Write_Char_2[1]
  30  002B  2000     R  	call _Lcd_Write_Char
  30  002C  0F0A        	mov a,10
  30  002D  0080     R  	mov _PAUSE_2[0],a
  30  002E  1F00     R  	clr _PAUSE_2[1]
  30  002F  2000     R  	call _PAUSE
  29  0030              #line 29 "C:\Users\L0614\Desktop\Holtek\Holtek-HT66F70A-LCD\holtek_lcd\holtek_lcd\holtek_lcd.c"
  29  0030  1480     R  	inc _main_2[0]
  29  0031  3D0A        	sz z
  29  0032  1480     R  	inc _main_2[1]
  29  0033  0700     R  	mov a,_main_2[0]
  29  0034  0C10        	xor a,16
  29  0035  0500     R  	or a,_main_2[1]
  29  0036  390A        	snz z
  29  0037  2800     R  	jmp _L23
  32  0038              #line 32 "C:\Users\L0614\Desktop\Holtek\Holtek-HT66F70A-LCD\holtek_lcd\holtek_lcd\holtek_lcd.c"
  32  0038  0F64        	mov a,100
  32  0039  0080     R  	mov _PAUSE_2[0],a
  32  003A  1F00     R  	clr _PAUSE_2[1]
  32  003B  2000     R  	call _PAUSE
  32  003C              #pragma debug scope 9 1
"File: holtek_lcd.c  Assembler  Version HGASM0202      Page 11

  33  003C              #line 33 "C:\Users\L0614\Desktop\Holtek\Holtek-HT66F70A-LCD\holtek_lcd\holtek_lcd\holtek_lcd.c"
  33  003C  2800     R  	jmp _L24
  33  003D  2800     R  	jmp $
  33  003E              _main endp
  33  003E              
  33  003E              @dummy endp
  33  003E              
  33  003E              #line 33 "C:\Users\L0614\Desktop\Holtek\Holtek-HT66F70A-LCD\holtek_lcd\holtek_lcd\holtek_lcd.c"
  33  003E              #pragma debug scope 1 1
  33  003E              #pragma debug struct_end
  33  003E              #pragma debug struct_end
  33  003E              #pragma debug union_end
  33  003E              #pragma debug union_end
  33  003E              #pragma debug variable 45 1 ___pd "__pd" 1
  33  003E              #pragma debug struct_end
  33  003E              #pragma debug struct_end
  33  003E              #pragma debug union_end
  33  003E              #pragma debug union_end
  33  003E              #pragma debug variable 47 1 ___pdc "__pdc" 1
  33  003E              #pragma debug struct_end
  33  003E              #pragma debug struct_end
  33  003E              #pragma debug union_end
  33  003E              #pragma debug union_end
  33  003E              #pragma debug variable 49 1 ___pe "__pe" 1
  33  003E              #pragma debug struct_end
  33  003E              #pragma debug struct_end
  33  003E              #pragma debug union_end
  33  003E              #pragma debug union_end
  33  003E              #pragma debug variable 51 1 ___pec "__pec" 1
  19  003E              #line 19 "C:\Users\L0614\Desktop\Holtek\Holtek-HT66F70A-LCD\holtek_lcd\holtek_lcd\holtek_lcd.c"
  19  0000              @code .section at 0 'code'
  19  0000  2800     R  	jmp _main_startup1
  19  0001              
  19  0001              extern _strlen_2:byte
  19  0001              extern _strlen:near
  19  0001              
  19  0001              ; 
  19  0001              ; Generated by holtek-gcc v3.17, Tue Mar 27 16:07:58 2018
  19  0001              ; Rebuild 307
  19  0001              ; end of file


        0 Errors, 0